0 info it worked if it ends with ok
1 verbose cli [ '/Users/bamuthuvelu/.nvm/versions/node/v6.9.1/bin/node',
1 verbose cli   '/Users/bamuthuvelu/.nvm/versions/node/v6.9.1/bin/npm',
1 verbose cli   'install',
1 verbose cli   'nightwatch',
1 verbose cli   '--save' ]
2 info using npm@3.10.8
3 info using node@v6.9.1
4 silly loadCurrentTree Starting
5 silly install loadCurrentTree
6 silly install readLocalPackageData
7 silly fetchPackageMetaData nightwatch
8 silly fetchNamedPackageData nightwatch
9 silly mapToRegistry name nightwatch
10 silly mapToRegistry using default registry
11 silly mapToRegistry registry https://registry.npmjs.org/
12 silly mapToRegistry data Result {
12 silly mapToRegistry   raw: 'nightwatch',
12 silly mapToRegistry   scope: null,
12 silly mapToRegistry   escapedName: 'nightwatch',
12 silly mapToRegistry   name: 'nightwatch',
12 silly mapToRegistry   rawSpec: '',
12 silly mapToRegistry   spec: 'latest',
12 silly mapToRegistry   type: 'tag' }
13 silly mapToRegistry uri https://registry.npmjs.org/nightwatch
14 verbose request uri https://registry.npmjs.org/nightwatch
15 verbose request no auth needed
16 info attempt registry request try #1 at 4:53:11 PM
17 verbose request id ce1b7ddb06b4736e
18 verbose etag W/"5908e6f8-3531a"
19 verbose lastModified Tue, 02 May 2017 20:07:20 GMT
20 http request GET https://registry.npmjs.org/nightwatch
21 http 200 https://registry.npmjs.org/nightwatch
22 verbose headers { server: 'nginx/1.10.3',
22 verbose headers   'content-type': 'application/json',
22 verbose headers   'last-modified': 'Tue, 20 Jun 2017 09:32:29 GMT',
22 verbose headers   etag: 'W/"5948ebad-35c08"',
22 verbose headers   'content-encoding': 'gzip',
22 verbose headers   'cache-control': 'max-age=300',
22 verbose headers   'content-length': '14481',
22 verbose headers   'accept-ranges': 'bytes',
22 verbose headers   date: 'Tue, 20 Jun 2017 11:23:12 GMT',
22 verbose headers   via: '1.1 varnish',
22 verbose headers   age: '0',
22 verbose headers   connection: 'keep-alive',
22 verbose headers   'x-served-by': 'cache-sin18020-SIN',
22 verbose headers   'x-cache': 'HIT',
22 verbose headers   'x-cache-hits': '1',
22 verbose headers   'x-timer': 'S1497957792.880896,VS0,VE137',
22 verbose headers   vary: 'Accept-Encoding' }
23 silly get cb [ 200,
23 silly get   { server: 'nginx/1.10.3',
23 silly get     'content-type': 'application/json',
23 silly get     'last-modified': 'Tue, 20 Jun 2017 09:32:29 GMT',
23 silly get     etag: 'W/"5948ebad-35c08"',
23 silly get     'content-encoding': 'gzip',
23 silly get     'cache-control': 'max-age=300',
23 silly get     'content-length': '14481',
23 silly get     'accept-ranges': 'bytes',
23 silly get     date: 'Tue, 20 Jun 2017 11:23:12 GMT',
23 silly get     via: '1.1 varnish',
23 silly get     age: '0',
23 silly get     connection: 'keep-alive',
23 silly get     'x-served-by': 'cache-sin18020-SIN',
23 silly get     'x-cache': 'HIT',
23 silly get     'x-cache-hits': '1',
23 silly get     'x-timer': 'S1497957792.880896,VS0,VE137',
23 silly get     vary: 'Accept-Encoding' } ]
24 verbose get saving nightwatch to /Users/bamuthuvelu/.npm/registry.npmjs.org/nightwatch/.cache.json
25 verbose correctMkdir /Users/bamuthuvelu/.npm correctMkdir not in flight; initializing
26 silly install normalizeTree
27 silly loadCurrentTree Finishing
28 silly loadIdealTree Starting
29 silly install loadIdealTree
30 silly cloneCurrentTree Starting
31 silly install cloneCurrentTreeToIdealTree
32 silly cloneCurrentTree Finishing
33 silly loadShrinkwrap Starting
34 silly install loadShrinkwrap
35 silly loadShrinkwrap Finishing
36 silly loadAllDepsIntoIdealTree Starting
37 silly install loadAllDepsIntoIdealTree
38 silly rollbackFailedOptional Starting
39 silly rollbackFailedOptional Finishing
40 silly runTopLevelLifecycles Finishing
41 silly install printInstalled
42 verbose stack Error: Refusing to install nightwatch as a dependency of itself
42 verbose stack     at checkSelf (/Users/bamuthuvelu/.nvm/versions/node/v6.9.1/lib/node_modules/npm/lib/install/validate-args.js:53:14)
42 verbose stack     at Array.<anonymous> (/Users/bamuthuvelu/.nvm/versions/node/v6.9.1/lib/node_modules/npm/node_modules/slide/lib/bind-actor.js:15:8)
42 verbose stack     at LOOP (/Users/bamuthuvelu/.nvm/versions/node/v6.9.1/lib/node_modules/npm/node_modules/slide/lib/chain.js:15:14)
42 verbose stack     at chain (/Users/bamuthuvelu/.nvm/versions/node/v6.9.1/lib/node_modules/npm/node_modules/slide/lib/chain.js:20:5)
42 verbose stack     at /Users/bamuthuvelu/.nvm/versions/node/v6.9.1/lib/node_modules/npm/lib/install/validate-args.js:16:5
42 verbose stack     at /Users/bamuthuvelu/.nvm/versions/node/v6.9.1/lib/node_modules/npm/node_modules/slide/lib/async-map.js:52:35
42 verbose stack     at Array.forEach (native)
42 verbose stack     at /Users/bamuthuvelu/.nvm/versions/node/v6.9.1/lib/node_modules/npm/node_modules/slide/lib/async-map.js:52:11
42 verbose stack     at Array.forEach (native)
42 verbose stack     at asyncMap (/Users/bamuthuvelu/.nvm/versions/node/v6.9.1/lib/node_modules/npm/node_modules/slide/lib/async-map.js:51:8)
43 verbose cwd /Users/bamuthuvelu/Documents/devtools/learn/express/nightwatch
44 error Darwin 15.6.0
45 error argv "/Users/bamuthuvelu/.nvm/versions/node/v6.9.1/bin/node" "/Users/bamuthuvelu/.nvm/versions/node/v6.9.1/bin/npm" "install" "nightwatch" "--save"
46 error node v6.9.1
47 error npm  v3.10.8
48 error code ENOSELF
49 error Refusing to install nightwatch as a dependency of itself
50 error If you need help, you may report this error at:
50 error     <https://github.com/npm/npm/issues>
51 verbose exit [ 1, true ]
